{"C:\\Sean Sta Ana\\SEPROJECT101\\BACKEND\\controllers\\Authentication_Feature\\authController.js": {"path":"C:\\Sean Sta Ana\\SEPROJECT101\\BACKEND\\controllers\\Authentication_Feature\\authController.js","statementMap":{"0":{"start":{"line":5,"column":26},"end":{"line":33,"column":1}},"1":{"start":{"line":6,"column":2},"end":{"line":32,"column":3}},"2":{"start":{"line":7,"column":32},"end":{"line":7,"column":40}},"3":{"start":{"line":9,"column":4},"end":{"line":11,"column":5}},"4":{"start":{"line":10,"column":6},"end":{"line":10,"column":76}},"5":{"start":{"line":12,"column":28},"end":{"line":15,"column":6}},"6":{"start":{"line":17,"column":4},"end":{"line":19,"column":5}},"7":{"start":{"line":18,"column":6},"end":{"line":18,"column":60}},"8":{"start":{"line":21,"column":4},"end":{"line":25,"column":7}},"9":{"start":{"line":27,"column":4},"end":{"line":27,"column":45}},"10":{"start":{"line":29,"column":4},"end":{"line":31,"column":7}}},"fnMap":{"0":{"name":"(anonymous_0)","decl":{"start":{"line":5,"column":26},"end":{"line":5,"column":31}},"loc":{"start":{"line":5,"column":46},"end":{"line":33,"column":1}},"line":5}},"branchMap":{"0":{"loc":{"start":{"line":9,"column":4},"end":{"line":11,"column":5}},"type":"if","locations":[{"start":{"line":9,"column":4},"end":{"line":11,"column":5}},{"start":{},"end":{}}],"line":9},"1":{"loc":{"start":{"line":9,"column":8},"end":{"line":9,"column":27}},"type":"binary-expr","locations":[{"start":{"line":9,"column":8},"end":{"line":9,"column":14}},{"start":{"line":9,"column":18},"end":{"line":9,"column":27}}],"line":9},"2":{"loc":{"start":{"line":17,"column":4},"end":{"line":19,"column":5}},"type":"if","locations":[{"start":{"line":17,"column":4},"end":{"line":19,"column":5}},{"start":{},"end":{}}],"line":17}},"s":{"0":1,"1":4,"2":4,"3":4,"4":1,"5":3,"6":2,"7":1,"8":1,"9":1,"10":1},"f":{"0":4},"b":{"0":[1,3],"1":[4,3],"2":[1,1]},"meta":{"lastBranch":3,"lastFunction":1,"lastStatement":11,"seen":{"s:5:26:33:1":0,"f:5:26:5:31":0,"s:6:2:32:3":1,"s:7:32:7:40":2,"b:9:4:11:5:undefined:undefined:undefined:undefined":0,"s:9:4:11:5":3,"b:9:8:9:14:9:18:9:27":1,"s:10:6:10:76":4,"s:12:28:15:6":5,"b:17:4:19:5:undefined:undefined:undefined:undefined":2,"s:17:4:19:5":6,"s:18:6:18:60":7,"s:21:4:25:7":8,"s:27:4:27:45":9,"s:29:4:31:7":10}}}
,"C:\\Sean Sta Ana\\SEPROJECT101\\BACKEND\\controllers\\Booking_Feature\\bookingController.js": {"path":"C:\\Sean Sta Ana\\SEPROJECT101\\BACKEND\\controllers\\Booking_Feature\\bookingController.js","statementMap":{"0":{"start":{"line":4,"column":29},"end":{"line":11,"column":1}},"1":{"start":{"line":5,"column":2},"end":{"line":10,"column":3}},"2":{"start":{"line":6,"column":23},"end":{"line":6,"column":60}},"3":{"start":{"line":7,"column":4},"end":{"line":7,"column":37}},"4":{"start":{"line":9,"column":4},"end":{"line":9,"column":49}},"5":{"start":{"line":14,"column":30},"end":{"line":22,"column":1}},"6":{"start":{"line":15,"column":2},"end":{"line":21,"column":3}},"7":{"start":{"line":16,"column":21},"end":{"line":16,"column":51}},"8":{"start":{"line":17,"column":4},"end":{"line":17,"column":23}},"9":{"start":{"line":18,"column":4},"end":{"line":18,"column":26}},"10":{"start":{"line":20,"column":4},"end":{"line":20,"column":49}},"11":{"start":{"line":25,"column":35},"end":{"line":33,"column":1}},"12":{"start":{"line":26,"column":21},"end":{"line":26,"column":29}},"13":{"start":{"line":27,"column":2},"end":{"line":32,"column":3}},"14":{"start":{"line":28,"column":20},"end":{"line":28,"column":76}},"15":{"start":{"line":29,"column":4},"end":{"line":29,"column":22}},"16":{"start":{"line":31,"column":4},"end":{"line":31,"column":49}}},"fnMap":{"0":{"name":"(anonymous_0)","decl":{"start":{"line":4,"column":29},"end":{"line":4,"column":34}},"loc":{"start":{"line":4,"column":49},"end":{"line":11,"column":1}},"line":4},"1":{"name":"(anonymous_1)","decl":{"start":{"line":14,"column":30},"end":{"line":14,"column":35}},"loc":{"start":{"line":14,"column":50},"end":{"line":22,"column":1}},"line":14},"2":{"name":"(anonymous_2)","decl":{"start":{"line":25,"column":35},"end":{"line":25,"column":40}},"loc":{"start":{"line":25,"column":55},"end":{"line":33,"column":1}},"line":25}},"branchMap":{},"s":{"0":1,"1":2,"2":2,"3":1,"4":1,"5":1,"6":2,"7":2,"8":1,"9":1,"10":1,"11":1,"12":2,"13":2,"14":2,"15":1,"16":1},"f":{"0":2,"1":2,"2":2},"b":{},"meta":{"lastBranch":0,"lastFunction":3,"lastStatement":17,"seen":{"s:4:29:11:1":0,"f:4:29:4:34":0,"s:5:2:10:3":1,"s:6:23:6:60":2,"s:7:4:7:37":3,"s:9:4:9:49":4,"s:14:30:22:1":5,"f:14:30:14:35":1,"s:15:2:21:3":6,"s:16:21:16:51":7,"s:17:4:17:23":8,"s:18:4:18:26":9,"s:20:4:20:49":10,"s:25:35:33:1":11,"f:25:35:25:40":2,"s:26:21:26:29":12,"s:27:2:32:3":13,"s:28:20:28:76":14,"s:29:4:29:22":15,"s:31:4:31:49":16}}}
,"C:\\Sean Sta Ana\\SEPROJECT101\\BACKEND\\controllers\\Calendar_Feature\\calendarController.js": {"path":"C:\\Sean Sta Ana\\SEPROJECT101\\BACKEND\\controllers\\Calendar_Feature\\calendarController.js","statementMap":{"0":{"start":{"line":4,"column":26},"end":{"line":11,"column":1}},"1":{"start":{"line":5,"column":2},"end":{"line":10,"column":3}},"2":{"start":{"line":6,"column":17},"end":{"line":6,"column":52}},"3":{"start":{"line":7,"column":4},"end":{"line":7,"column":31}},"4":{"start":{"line":9,"column":4},"end":{"line":9,"column":49}},"5":{"start":{"line":14,"column":33},"end":{"line":23,"column":1}},"6":{"start":{"line":15,"column":31},"end":{"line":15,"column":40}},"7":{"start":{"line":17,"column":2},"end":{"line":22,"column":3}},"8":{"start":{"line":18,"column":17},"end":{"line":18,"column":67}},"9":{"start":{"line":19,"column":4},"end":{"line":19,"column":19}},"10":{"start":{"line":21,"column":4},"end":{"line":21,"column":49}},"11":{"start":{"line":26,"column":26},"end":{"line":33,"column":1}},"12":{"start":{"line":27,"column":2},"end":{"line":32,"column":3}},"13":{"start":{"line":28,"column":20},"end":{"line":28,"column":70}},"14":{"start":{"line":29,"column":4},"end":{"line":29,"column":22}},"15":{"start":{"line":31,"column":4},"end":{"line":31,"column":49}},"16":{"start":{"line":36,"column":26},"end":{"line":43,"column":1}},"17":{"start":{"line":37,"column":2},"end":{"line":42,"column":3}},"18":{"start":{"line":38,"column":4},"end":{"line":38,"column":45}},"19":{"start":{"line":39,"column":4},"end":{"line":39,"column":43}},"20":{"start":{"line":41,"column":4},"end":{"line":41,"column":49}}},"fnMap":{"0":{"name":"(anonymous_0)","decl":{"start":{"line":4,"column":26},"end":{"line":4,"column":31}},"loc":{"start":{"line":4,"column":46},"end":{"line":11,"column":1}},"line":4},"1":{"name":"(anonymous_1)","decl":{"start":{"line":14,"column":33},"end":{"line":14,"column":38}},"loc":{"start":{"line":14,"column":53},"end":{"line":23,"column":1}},"line":14},"2":{"name":"(anonymous_2)","decl":{"start":{"line":26,"column":26},"end":{"line":26,"column":31}},"loc":{"start":{"line":26,"column":46},"end":{"line":33,"column":1}},"line":26},"3":{"name":"(anonymous_3)","decl":{"start":{"line":36,"column":26},"end":{"line":36,"column":31}},"loc":{"start":{"line":36,"column":46},"end":{"line":43,"column":1}},"line":36}},"branchMap":{},"s":{"0":1,"1":2,"2":2,"3":1,"4":1,"5":1,"6":2,"7":2,"8":2,"9":1,"10":1,"11":1,"12":2,"13":2,"14":1,"15":1,"16":1,"17":2,"18":2,"19":1,"20":1},"f":{"0":2,"1":2,"2":2,"3":2},"b":{},"meta":{"lastBranch":0,"lastFunction":4,"lastStatement":21,"seen":{"s:4:26:11:1":0,"f:4:26:4:31":0,"s:5:2:10:3":1,"s:6:17:6:52":2,"s:7:4:7:31":3,"s:9:4:9:49":4,"s:14:33:23:1":5,"f:14:33:14:38":1,"s:15:31:15:40":6,"s:17:2:22:3":7,"s:18:17:18:67":8,"s:19:4:19:19":9,"s:21:4:21:49":10,"s:26:26:33:1":11,"f:26:26:26:31":2,"s:27:2:32:3":12,"s:28:20:28:70":13,"s:29:4:29:22":14,"s:31:4:31:49":15,"s:36:26:43:1":16,"f:36:26:36:31":3,"s:37:2:42:3":17,"s:38:4:38:45":18,"s:39:4:39:43":19,"s:41:4:41:49":20}}}
,"C:\\Sean Sta Ana\\SEPROJECT101\\BACKEND\\controllers\\Customer_Feature\\customerController.js": {"path":"C:\\Sean Sta Ana\\SEPROJECT101\\BACKEND\\controllers\\Customer_Feature\\customerController.js","statementMap":{"0":{"start":{"line":4,"column":35},"end":{"line":11,"column":1}},"1":{"start":{"line":5,"column":2},"end":{"line":10,"column":3}},"2":{"start":{"line":6,"column":21},"end":{"line":6,"column":65}},"3":{"start":{"line":7,"column":4},"end":{"line":7,"column":35}},"4":{"start":{"line":9,"column":4},"end":{"line":9,"column":49}},"5":{"start":{"line":14,"column":34},"end":{"line":22,"column":1}},"6":{"start":{"line":15,"column":20},"end":{"line":15,"column":29}},"7":{"start":{"line":16,"column":2},"end":{"line":21,"column":3}},"8":{"start":{"line":17,"column":21},"end":{"line":17,"column":61}},"9":{"start":{"line":18,"column":4},"end":{"line":18,"column":23}},"10":{"start":{"line":20,"column":4},"end":{"line":20,"column":49}},"11":{"start":{"line":25,"column":31},"end":{"line":32,"column":1}},"12":{"start":{"line":26,"column":2},"end":{"line":31,"column":3}},"13":{"start":{"line":27,"column":22},"end":{"line":27,"column":54}},"14":{"start":{"line":28,"column":4},"end":{"line":28,"column":24}},"15":{"start":{"line":30,"column":4},"end":{"line":30,"column":49}}},"fnMap":{"0":{"name":"(anonymous_0)","decl":{"start":{"line":4,"column":35},"end":{"line":4,"column":40}},"loc":{"start":{"line":4,"column":55},"end":{"line":11,"column":1}},"line":4},"1":{"name":"(anonymous_1)","decl":{"start":{"line":14,"column":34},"end":{"line":14,"column":39}},"loc":{"start":{"line":14,"column":54},"end":{"line":22,"column":1}},"line":14},"2":{"name":"(anonymous_2)","decl":{"start":{"line":25,"column":31},"end":{"line":25,"column":36}},"loc":{"start":{"line":25,"column":51},"end":{"line":32,"column":1}},"line":25}},"branchMap":{},"s":{"0":1,"1":2,"2":2,"3":1,"4":1,"5":1,"6":2,"7":2,"8":2,"9":1,"10":1,"11":1,"12":2,"13":2,"14":1,"15":1},"f":{"0":2,"1":2,"2":2},"b":{},"meta":{"lastBranch":0,"lastFunction":3,"lastStatement":16,"seen":{"s:4:35:11:1":0,"f:4:35:4:40":0,"s:5:2:10:3":1,"s:6:21:6:65":2,"s:7:4:7:35":3,"s:9:4:9:49":4,"s:14:34:22:1":5,"f:14:34:14:39":1,"s:15:20:15:29":6,"s:16:2:21:3":7,"s:17:21:17:61":8,"s:18:4:18:23":9,"s:20:4:20:49":10,"s:25:31:32:1":11,"f:25:31:25:36":2,"s:26:2:31:3":12,"s:27:22:27:54":13,"s:28:4:28:24":14,"s:30:4:30:49":15}}}
,"C:\\Sean Sta Ana\\SEPROJECT101\\BACKEND\\controllers\\Services_Feature\\serviceController.js": {"path":"C:\\Sean Sta Ana\\SEPROJECT101\\BACKEND\\controllers\\Services_Feature\\serviceController.js","statementMap":{"0":{"start":{"line":4,"column":27},"end":{"line":11,"column":1}},"1":{"start":{"line":5,"column":2},"end":{"line":10,"column":3}},"2":{"start":{"line":6,"column":21},"end":{"line":6,"column":52}},"3":{"start":{"line":7,"column":4},"end":{"line":7,"column":23}},"4":{"start":{"line":9,"column":4},"end":{"line":9,"column":49}},"5":{"start":{"line":14,"column":26},"end":{"line":22,"column":1}},"6":{"start":{"line":15,"column":17},"end":{"line":15,"column":27}},"7":{"start":{"line":16,"column":2},"end":{"line":21,"column":3}},"8":{"start":{"line":17,"column":20},"end":{"line":17,"column":53}},"9":{"start":{"line":18,"column":4},"end":{"line":18,"column":22}},"10":{"start":{"line":20,"column":4},"end":{"line":20,"column":49}},"11":{"start":{"line":25,"column":29},"end":{"line":32,"column":1}},"12":{"start":{"line":26,"column":2},"end":{"line":31,"column":3}},"13":{"start":{"line":27,"column":23},"end":{"line":27,"column":61}},"14":{"start":{"line":28,"column":4},"end":{"line":28,"column":67}},"15":{"start":{"line":30,"column":4},"end":{"line":30,"column":49}},"16":{"start":{"line":35,"column":29},"end":{"line":43,"column":1}},"17":{"start":{"line":36,"column":17},"end":{"line":36,"column":27}},"18":{"start":{"line":37,"column":2},"end":{"line":42,"column":3}},"19":{"start":{"line":38,"column":27},"end":{"line":38,"column":69}},"20":{"start":{"line":39,"column":4},"end":{"line":39,"column":71}},"21":{"start":{"line":41,"column":4},"end":{"line":41,"column":49}},"22":{"start":{"line":46,"column":29},"end":{"line":54,"column":1}},"23":{"start":{"line":47,"column":17},"end":{"line":47,"column":27}},"24":{"start":{"line":48,"column":2},"end":{"line":53,"column":3}},"25":{"start":{"line":49,"column":27},"end":{"line":49,"column":59}},"26":{"start":{"line":50,"column":4},"end":{"line":50,"column":75}},"27":{"start":{"line":52,"column":4},"end":{"line":52,"column":49}}},"fnMap":{"0":{"name":"(anonymous_0)","decl":{"start":{"line":4,"column":27},"end":{"line":4,"column":32}},"loc":{"start":{"line":4,"column":47},"end":{"line":11,"column":1}},"line":4},"1":{"name":"(anonymous_1)","decl":{"start":{"line":14,"column":26},"end":{"line":14,"column":31}},"loc":{"start":{"line":14,"column":46},"end":{"line":22,"column":1}},"line":14},"2":{"name":"(anonymous_2)","decl":{"start":{"line":25,"column":29},"end":{"line":25,"column":34}},"loc":{"start":{"line":25,"column":49},"end":{"line":32,"column":1}},"line":25},"3":{"name":"(anonymous_3)","decl":{"start":{"line":35,"column":29},"end":{"line":35,"column":34}},"loc":{"start":{"line":35,"column":49},"end":{"line":43,"column":1}},"line":35},"4":{"name":"(anonymous_4)","decl":{"start":{"line":46,"column":29},"end":{"line":46,"column":34}},"loc":{"start":{"line":46,"column":49},"end":{"line":54,"column":1}},"line":46}},"branchMap":{},"s":{"0":1,"1":2,"2":2,"3":1,"4":1,"5":1,"6":2,"7":2,"8":2,"9":1,"10":1,"11":1,"12":2,"13":2,"14":1,"15":1,"16":1,"17":2,"18":2,"19":2,"20":1,"21":1,"22":1,"23":2,"24":2,"25":2,"26":1,"27":1},"f":{"0":2,"1":2,"2":2,"3":2,"4":2},"b":{},"meta":{"lastBranch":0,"lastFunction":5,"lastStatement":28,"seen":{"s:4:27:11:1":0,"f:4:27:4:32":0,"s:5:2:10:3":1,"s:6:21:6:52":2,"s:7:4:7:23":3,"s:9:4:9:49":4,"s:14:26:22:1":5,"f:14:26:14:31":1,"s:15:17:15:27":6,"s:16:2:21:3":7,"s:17:20:17:53":8,"s:18:4:18:22":9,"s:20:4:20:49":10,"s:25:29:32:1":11,"f:25:29:25:34":2,"s:26:2:31:3":12,"s:27:23:27:61":13,"s:28:4:28:67":14,"s:30:4:30:49":15,"s:35:29:43:1":16,"f:35:29:35:34":3,"s:36:17:36:27":17,"s:37:2:42:3":18,"s:38:27:38:69":19,"s:39:4:39:71":20,"s:41:4:41:49":21,"s:46:29:54:1":22,"f:46:29:46:34":4,"s:47:17:47:27":23,"s:48:2:53:3":24,"s:49:27:49:59":25,"s:50:4:50:75":26,"s:52:4:52:49":27}}}
}
